<?xml version="1.0" encoding="UTF-8"?>
<testng-results skipped="0" failed="0" ignored="0" total="1" passed="1">
  <reporter-output>
  </reporter-output>
  <suite name="TestSelenium" duration-ms="36212" started-at="2022-09-25T14:16:59 IST" finished-at="2022-09-25T14:17:35 IST">
    <groups>
    </groups>
    <test name="Command line test" duration-ms="36212" started-at="2022-09-25T14:16:59 IST" finished-at="2022-09-25T14:17:35 IST">
      <class name="TestSelenium">
        <test-method status="PASS" signature="lunchDriver()[pri:0, instance:TestSelenium@3224f60b]" name="lunchDriver" duration-ms="36148" started-at="2022-09-25T14:16:59 IST" finished-at="2022-09-25T14:17:35 IST">
          <reporter-output>
          </reporter-output>
        </test-method> <!-- lunchDriver -->
      </class> <!-- TestSelenium -->
    </test> <!-- Command line test -->
  </suite> <!-- TestSelenium -->
</testng-results>
