<?xml version="1.0" encoding="UTF-8"?>
<testng-results ignored="0" total="1" passed="1" failed="0" skipped="0">
  <reporter-output>
  </reporter-output>
  <suite started-at="2022-09-23T13:38:39 IST" name="TestSelenium" finished-at="2022-09-23T13:39:21 IST" duration-ms="41474">
    <groups>
    </groups>
    <test started-at="2022-09-23T13:38:39 IST" name="Command line test" finished-at="2022-09-23T13:39:21 IST" duration-ms="41474">
      <class name="TestSelenium">
        <test-method signature="lunchDriver()[pri:0, instance:TestSelenium@ba2f4ec]" started-at="2022-09-23T13:38:40 IST" name="lunchDriver" finished-at="2022-09-23T13:39:21 IST" duration-ms="41392" status="PASS">
          <reporter-output>
          </reporter-output>
        </test-method> <!-- lunchDriver -->
      </class> <!-- TestSelenium -->
    </test> <!-- Command line test -->
  </suite> <!-- TestSelenium -->
</testng-results>
