<?xml version="1.0" encoding="UTF-8"?>
<testng-results ignored="0" total="1" passed="1" failed="0" skipped="0">
  <reporter-output>
  </reporter-output>
  <suite started-at="2022-09-23T13:56:22 IST" name="amazonsuite" finished-at="2022-09-23T13:56:53 IST" duration-ms="31141">
    <groups>
    </groups>
    <test started-at="2022-09-23T13:56:22 IST" name="Test1" finished-at="2022-09-23T13:56:53 IST" duration-ms="31141">
      <class name="TestSelenium">
        <test-method signature="lunchDriver()[pri:0, instance:TestSelenium@4659191b]" started-at="2022-09-23T13:56:22 IST" name="lunchDriver" finished-at="2022-09-23T13:56:53 IST" duration-ms="31047" status="PASS">
          <reporter-output>
          </reporter-output>
        </test-method> <!-- lunchDriver -->
      </class> <!-- TestSelenium -->
    </test> <!-- Test1 -->
  </suite> <!-- amazonsuite -->
</testng-results>
